
ROM used: 1908 (23%)
          1908 (23%) including unused fragments

          2 Average locations per line
          14 Average locations per statement

RAM used: 32 (9%) at main() level
          57 (15%) worst case

Stack used: 5 worst case (out of 8 total available)

Lines Stmts  %   Files
----- ----- ---  -----
   88    51  38  lcd_temperatura.c
  312     0   0  ..\..\..\..\Program Files (x86)\PICC\devices\16f877a.h
  456    84  62  ..\..\..\..\Program Files (x86)\PICC\drivers\lcd2.c
----- -----
  856   135 Total

Page ROM  %  RAM   Vol Diff  Functions:
---- --- --- ---   --- ----  ----------
0     21   1   1             @delay_ms1
 Inline        3   596  5.9  lcd_read_byte
0      6   0   0    59  4.2  lcd_read_nibble
0     12   1   1   179  3.3  lcd_send_nibble
0     64   3   3   460  4.7  lcd_send_byte
0     62   3   6   814  7.2  lcd_init
0     18   1   4   208  6.3  lcd_gotoxy
0     45   2   1   354  4.7  lcd_putc
0     41   2   5   267  6.8  lcd_set_cgram_char
0    354  19   1  1499  5.3  MAIN
0     26   1   0             @const109
 Inline       13             @MULFF
 Inline        5             @FTOSD
0     66   3  13             @DIV3232
0    348  18  13             @PRINTF_L32D_83FPFPF
0     63   3  10             @FLT
0     25   1   0             @const125
0     23   1   0             @const126
0     23   1   0             @const127
0     22   1   0             @const128
0     19   1   0             @const129
0     24   1   0             @const130
0     29   2   2             @ITOF
0    292  15   0   108  3.0  conta
 Inline       14             @DIVFF
0    321  17  16             @ADDFF

Program metrics:
    Functions               10
    Statements              135
    Comments                218
    Volume (V)              6911
    Difficilty (D)          47.6
    Effort to implement (E) 329232
    Time to implement (T)   5 hours, 5 minutes
    Est Delivered Bugs (B)  2
    Cyclomatic Complexity   11
    Maintainability (MI)    135

 Segment     Used  Free
-----------  ----  ----
00000-00003     4  0  
00004-007FF  1904  140  
00800-00FFF     0  2048  
01000-017FF     0  2048  
01800-01FFF     0  2048  



