
ROM used: 179 (2%)
          179 (2%) including unused fragments

          0 Average locations per line
          5 Average locations per statement

RAM used: 8 (2%) at main() level
          10 (3%) worst case

Stack used: 2 worst case (out of 8 total available)

Lines Stmts  %   Files
----- ----- ---  -----
   70    39 100  lcd_adc.c
  312     0   0  ..\..\..\..\..\Program Files (x86)\PICC\devices\16f877a.h
----- -----
  382    39 Total

Page ROM  %  RAM   Vol Diff  Functions:
---- --- --- ---   --- ----  ----------
0     21  12   1             @delay_ms1
0     87  49   0   613  3.8  main
0     67  37   1   287  3.2  poste

Program metrics:
    Functions               2
    Statements              39
    Comments                86
    Volume (V)              1057
    Difficilty (D)          7.0
    Effort to implement (E) 7374
    Time to implement (T)   7 minutes
    Est Delivered Bugs (B)  0
    Cyclomatic Complexity   7
    Maintainability (MI)    56

 Segment     Used  Free
-----------  ----  ----
00000-00003     4  0  
00004-007FF   175  1869  
00800-00FFF     0  2048  
01000-017FF     0  2048  
01800-01FFF     0  2048  



