
ROM used: 1858 (23%)
          1858 (23%) including unused fragments

          2 Average locations per line
          15 Average locations per statement

RAM used: 48 (13%) at main() level
          74 (20%) worst case

Stack used: 5 worst case (out of 8 total available)

Lines Stmts  %   Files
----- ----- ---  -----
   80    42  33  lcd_adc.c
  312     0   0  ..\..\..\..\..\Program Files (x86)\PICC\devices\16f877a.h
  456    84  67  ..\..\..\..\..\Program Files (x86)\PICC\drivers\lcd2.c
----- -----
  848   126 Total

Page ROM  %  RAM   Vol Diff  Functions:
---- --- --- ---   --- ----  ----------
0     21   1   1             @delay_ms1
 Inline        3   596  5.9  lcd_read_byte
0      6   0   0    59  4.2  lcd_read_nibble
0     12   1   1   179  3.3  lcd_send_nibble
0     64   3   3   460  4.7  lcd_send_byte
0     62   3   6   814  7.2  lcd_init
0     18   1   4   208  6.3  lcd_gotoxy
0     45   2   1   354  4.7  lcd_putc
0     41   2   5   267  6.8  lcd_set_cgram_char
0    287  15   1  1076  6.2  MAIN
0    117   6  13             @MULFF
 Inline        5             @FTOSD
0     66   4  13             @DIV3232
0    231  12  13             @PRINTF_L32D_83FPFPF
0     63   3  10             @FLT
0     29   2   2             @ITOF
0    269  14   4   320  3.6  conta
0    202  11  14             @DIVFF
0    321  17  16             @ADDFF

Program metrics:
    Functions               10
    Statements              126
    Comments                220
    Volume (V)              6722
    Difficilty (D)          50.0
    Effort to implement (E) 336228
    Time to implement (T)   5 hours, 11 minutes
    Est Delivered Bugs (B)  2
    Cyclomatic Complexity   12
    Maintainability (MI)    137

 Segment     Used  Free
-----------  ----  ----
00000-00003     4  0  
00004-007FF  1854  190  
00800-00FFF     0  2048  
01000-017FF     0  2048  
01800-01FFF     0  2048  



